<?xml version="1.0" encoding="UTF-8" ?>
<testsuite errors="0" failures="0" hostname="Tammy" name="com.flatironschool.javacs.MyHashMapTest" skipped="0" tests="11" time="0.082" timestamp="2016-07-24T01:48:45">
  <properties>
[...]
</properties>
  <testcase classname="com.flatironschool.javacs.MyHashMapTest" name="testGet" time="0.016" />
  <testcase classname="com.flatironschool.javacs.MyHashMapTest" name="testPut" time="0.001" />
  <testcase classname="com.flatironschool.javacs.MyHashMapTest" name="testClear" time="0.0" />
  <testcase classname="com.flatironschool.javacs.MyHashMapTest" name="testSize" time="0.001" />
  <testcase classname="com.flatironschool.javacs.MyHashMapTest" name="testContainsKey" time="0.0" />
  <testcase classname="com.flatironschool.javacs.MyHashMapTest" name="testContainsValue" time="0.0" />
  <testcase classname="com.flatironschool.javacs.MyHashMapTest" name="testKeySet" time="0.0" />
  <testcase classname="com.flatironschool.javacs.MyHashMapTest" name="testPutAll" time="0.0" />
  <testcase classname="com.flatironschool.javacs.MyHashMapTest" name="testIsEmpty" time="0.0" />
  <testcase classname="com.flatironschool.javacs.MyHashMapTest" name="testRemove" time="0.0" />
  <testcase classname="com.flatironschool.javacs.MyHashMapTest" name="testValues" time="0.0" />
  <system-out><![CDATA[]]></system-out>
  <system-err><![CDATA[]]></system-err>
</testsuite>
